<?xml version="1.0"?>
<!DOCTYPE coverage SYSTEM "http://cobertura.sourceforge.net/xml/coverage-04.dtd">

<coverage line-rate="0.0" branch-rate="1.0" lines-covered="0" lines-valid="2" branches-covered="0" branches-valid="0" complexity="1.0" version="2.1.1" timestamp="1547269633228">
	<sources>
		<source>--source</source>
		<source>D:/MyCode/doms/spring-cloud-hutu/nacos-discovery-consumer-example/src/main/java</source>
		<source>D:/MyCode/doms/spring-cloud-hutu/nacos-discovery-consumer-example/target/generated-sources/annotations</source>
	</sources>
	<packages>
		<package name="org.springframework.cloud.alibaba.cloud.examples" line-rate="0.0" branch-rate="1.0" complexity="1.0">
			<classes>
				<class name="org.springframework.cloud.alibaba.cloud.examples.FeignConfiguration" filename="org/springframework/cloud/alibaba/cloud/examples/ConsumerApplication.java" line-rate="0.0" branch-rate="1.0" complexity="1.0">
					<methods>
						<method name="&lt;init&gt;" signature="()V" line-rate="0.0" branch-rate="1.0" complexity="0">
							<lines>
								<line number="49" hits="0" branch="false"/>
							</lines>
						</method>
						<method name="echoServiceFallback" signature="()Lorg/springframework/cloud/alibaba/cloud/examples/EchoServiceFallback;" line-rate="0.0" branch-rate="1.0" complexity="0">
							<lines>
								<line number="52" hits="0" branch="false"/>
							</lines>
						</method>
					</methods>
					<lines>
						<line number="49" hits="0" branch="false"/>
						<line number="52" hits="0" branch="false"/>
					</lines>
				</class>
			</classes>
		</package>
	</packages>
</coverage>
